Using pre-set license
Built from '2020.3/release' branch; Version is '2020.3.7f1 (dd97f2c94397) revision 14522354'; Using compiler version '192528614'; Build Type 'Release'
OS: 'Windows 10 Home Single Language; OS build 18363.1198; Version 1909; 64bit' Language: 'ru' Physical Memory: 16182 MB
BatchMode: 1, IsHumanControllingUs: 0, StartBugReporterOnCrash: 0, Is64bit: 1, IsPro: 0

 COMMAND LINE ARGUMENTS:
D:\IDE\Unity\UnityEditor\2020.3.7f1\Editor\Unity.exe
-adb2
-batchMode
-noUpm
-name
AssetImportWorker0
-projectPath
D:/Business/MyProg/C#/Gamedev/3D/AR Example
-logFile
Logs/AssetImportWorker0.log
-srvPort
52344
Successfully changed project path to: D:/Business/MyProg/C#/Gamedev/3D/AR Example
D:/Business/MyProg/C#/Gamedev/3D/AR Example
Using Asset Import Pipeline V2.
Refreshing native plugins compatible for Editor in 23.63 ms, found 0 plugins.
Preloading 0 native plugins for Editor in 0.00 ms.
Initialize engine version: 2020.3.7f1 (dd97f2c94397)
[Subsystems] Discovering subsystems at path D:/IDE/Unity/UnityEditor/2020.3.7f1/Editor/Data/Resources/UnitySubsystems
[Subsystems] Discovering subsystems at path D:/Business/MyProg/C#/Gamedev/3D/AR Example/Assets
GfxDevice: creating device client; threaded=0
Direct3D:
    Version:  Direct3D 11.0 [level 11.1]
    Renderer: NVIDIA GeForce GTX 1650 with Max-Q Design (ID=0x1f91)
    Vendor:   
    VRAM:     3964 MB
    Driver:   27.21.14.5638
Initialize mono
Mono path[0] = 'D:/IDE/Unity/UnityEditor/2020.3.7f1/Editor/Data/Managed'
Mono path[1] = 'D:/IDE/Unity/UnityEditor/2020.3.7f1/Editor/Data/MonoBleedingEdge/lib/mono/unityjit'
Mono config path = 'D:/IDE/Unity/UnityEditor/2020.3.7f1/Editor/Data/MonoBleedingEdge/etc'
Using monoOptions --debugger-agent=transport=dt_socket,embedding=1,server=y,suspend=n,address=127.0.0.1:56828
Begin MonoManager ReloadAssembly
Registering precompiled unity dll's ...
Register platform support module: D:/IDE/Unity/UnityEditor/2020.3.7f1/Editor/Data/PlaybackEngines/WindowsStandaloneSupport/UnityEditor.WindowsStandalone.Extensions.dll
Registered in 0.000734 seconds.
Native extension for WindowsStandalone target not found
Refreshing native plugins compatible for Editor in 23.82 ms, found 0 plugins.
Preloading 0 native plugins for Editor in 0.00 ms.
Mono: successfully reloaded assembly
- Completed reload, in  1.151 seconds
Platform modules already initialized, skipping
Registering precompiled user dll's ...
Registered in 0.000481 seconds.
Begin MonoManager ReloadAssembly
Native extension for WindowsStandalone target not found
Refreshing native plugins compatible for Editor in 0.27 ms, found 0 plugins.
Preloading 0 native plugins for Editor in 0.00 ms.
Mono: successfully reloaded assembly
- Completed reload, in  0.744 seconds
Platform modules already initialized, skipping
========================================================================
Worker process is ready to serve import requests
Launched and connected shader compiler UnityShaderCompiler.exe after 0.03 seconds
Refreshing native plugins compatible for Editor in 0.30 ms, found 0 plugins.
Preloading 0 native plugins for Editor in 0.00 ms.
Unloading 1517 Unused Serialized files (Serialized files now loaded: 0)
System memory in use before: 69.5 MB.
System memory in use after: 69.5 MB.

Unloading 12 unused Assets to reduce memory usage. Loaded Objects now: 1963.
Total: 1.864300 ms (FindLiveObjects: 0.190000 ms CreateObjectMapping: 0.070600 ms MarkObjects: 1.526400 ms  DeleteObjects: 0.076400 ms)

========================================================================
Received Import Request.
  path: Assets/Scenes/SampleScene.unity
  artifactKey: Guid(9fc0d4010bbf28b4594072e72b8655ab) Importer(815301076,1909f56bfc062723c751e8b465ee728b)
Start importing Assets/Scenes/SampleScene.unity using Guid(9fc0d4010bbf28b4594072e72b8655ab) Importer(815301076,1909f56bfc062723c751e8b465ee728b)  -> (artifact id: 'dbf4e36180f3d52b619cd3460b6b7e2a') in 0.009948 seconds
  Import took 0.012138 seconds .

========================================================================
Received Prepare
Registering precompiled user dll's ...
Registered in 0.000655 seconds.
Begin MonoManager ReloadAssembly
Native extension for WindowsStandalone target not found
Refreshing native plugins compatible for Editor in 0.38 ms, found 0 plugins.
Preloading 0 native plugins for Editor in 0.00 ms.
Mono: successfully reloaded assembly
- Completed reload, in  0.692 seconds
Platform modules already initialized, skipping
Switching build target platform(5) subTarget(0) extendedPlatform(0) -> platform(13) subTarget(589824) extendedPlatform(0)
Refreshing native plugins compatible for Editor in 0.27 ms, found 0 plugins.
Preloading 0 native plugins for Editor in 0.00 ms.
Unloading 1508 Unused Serialized files (Serialized files now loaded: 0)
System memory in use before: 68.8 MB.
System memory in use after: 68.9 MB.

Unloading 7 unused Assets to reduce memory usage. Loaded Objects now: 1967.
Total: 1.638300 ms (FindLiveObjects: 0.154100 ms CreateObjectMapping: 0.040200 ms MarkObjects: 1.364700 ms  DeleteObjects: 0.078500 ms)

AssetImportParameters requested are different than current active one (requested -> active):
  custom:graphics/normal-map-encoding: 01000000000000000000000000000000 -> 02000000000000000000000000000000
========================================================================
Received Import Request.
  Time since last request: 80.678753 seconds.
  path: Assets/Resources/Prefabs/Cube.prefab
  artifactKey: Guid(e382bd76cc0e9ad4a95517f8a3deb708) Importer(815301076,1909f56bfc062723c751e8b465ee728b)
Start importing Assets/Resources/Prefabs/Cube.prefab using Guid(e382bd76cc0e9ad4a95517f8a3deb708) Importer(815301076,1909f56bfc062723c751e8b465ee728b)  -> (artifact id: '9f6aaf7b7e5912ab3855c504f85d2b99') in 0.103995 seconds
  Import took 0.106451 seconds .

========================================================================
Received Prepare
Refreshing native plugins compatible for Editor in 0.64 ms, found 0 plugins.
Preloading 0 native plugins for Editor in 0.00 ms.
Unloading 4 Unused Serialized files (Serialized files now loaded: 0)
System memory in use before: 42.5 MB.
System memory in use after: 42.6 MB.

Unloading 4 unused Assets to reduce memory usage. Loaded Objects now: 1976.
Total: 2.136700 ms (FindLiveObjects: 0.167300 ms CreateObjectMapping: 0.049600 ms MarkObjects: 1.837500 ms  DeleteObjects: 0.081000 ms)

========================================================================
Received Import Request.
  Time since last request: 390.433454 seconds.
  path: Assets/Resources/Prefabs/Cube.prefab
  artifactKey: Guid(e382bd76cc0e9ad4a95517f8a3deb708) Importer(815301076,1909f56bfc062723c751e8b465ee728b)
Start importing Assets/Resources/Prefabs/Cube.prefab using Guid(e382bd76cc0e9ad4a95517f8a3deb708) Importer(815301076,1909f56bfc062723c751e8b465ee728b)  -> (artifact id: '0b88d6b637d28b3fdbcfd2d3bc8d1d2b') in 0.013442 seconds
  Import took 0.016198 seconds .

========================================================================
Received Import Request.
  Time since last request: 9.444234 seconds.
  path: Assets/Resources/Prefabs/Cube.prefab
  artifactKey: Guid(e382bd76cc0e9ad4a95517f8a3deb708) Importer(815301076,1909f56bfc062723c751e8b465ee728b)
Start importing Assets/Resources/Prefabs/Cube.prefab using Guid(e382bd76cc0e9ad4a95517f8a3deb708) Importer(815301076,1909f56bfc062723c751e8b465ee728b)  -> (artifact id: 'aa26754a973b2dce5257b22caeed6d46') in 0.006172 seconds
  Import took 0.008853 seconds .

========================================================================
Received Prepare
Refreshing native plugins compatible for Editor in 0.61 ms, found 0 plugins.
Preloading 0 native plugins for Editor in 0.00 ms.
Unloading 3 Unused Serialized files (Serialized files now loaded: 0)
System memory in use before: 42.5 MB.
System memory in use after: 42.6 MB.

Unloading 4 unused Assets to reduce memory usage. Loaded Objects now: 1976.
Total: 2.465500 ms (FindLiveObjects: 0.158200 ms CreateObjectMapping: 0.048500 ms MarkObjects: 2.202700 ms  DeleteObjects: 0.055500 ms)

========================================================================
Received Prepare
Refreshing native plugins compatible for Editor in 0.73 ms, found 0 plugins.
Preloading 0 native plugins for Editor in 0.00 ms.
Unloading 3 Unused Serialized files (Serialized files now loaded: 0)
System memory in use before: 42.5 MB.
System memory in use after: 42.6 MB.

Unloading 3 unused Assets to reduce memory usage. Loaded Objects now: 1976.
Total: 2.655400 ms (FindLiveObjects: 0.182800 ms CreateObjectMapping: 0.056500 ms MarkObjects: 2.366200 ms  DeleteObjects: 0.048500 ms)

========================================================================
Received Prepare
Registering precompiled user dll's ...
Registered in 0.000600 seconds.
Begin MonoManager ReloadAssembly
Native extension for WindowsStandalone target not found
Refreshing native plugins compatible for Editor in 0.27 ms, found 0 plugins.
Preloading 0 native plugins for Editor in 0.00 ms.
Mono: successfully reloaded assembly
- Completed reload, in  0.658 seconds
Platform modules already initialized, skipping
Switching build target platform(5) subTarget(0) extendedPlatform(0) -> platform(13) subTarget(589824) extendedPlatform(0)
Refreshing native plugins compatible for Editor in 0.29 ms, found 0 plugins.
Preloading 0 native plugins for Editor in 0.00 ms.
Unloading 1507 Unused Serialized files (Serialized files now loaded: 0)
System memory in use before: 71.9 MB.
System memory in use after: 71.9 MB.

Unloading 7 unused Assets to reduce memory usage. Loaded Objects now: 1979.
Total: 1.655300 ms (FindLiveObjects: 0.168800 ms CreateObjectMapping: 0.049400 ms MarkObjects: 1.380100 ms  DeleteObjects: 0.056100 ms)

AssetImportParameters requested are different than current active one (requested -> active):
  custom:graphics/normal-map-encoding: 01000000000000000000000000000000 -> 02000000000000000000000000000000
========================================================================
Received Import Request.
  Time since last request: 952.682192 seconds.
  path: Assets/Lean/Common/GUIDE.asset
  artifactKey: Guid(fee5243b4c3305f4393657b324b1a5c4) Importer(815301076,1909f56bfc062723c751e8b465ee728b)
Start importing Assets/Lean/Common/GUIDE.asset using Guid(fee5243b4c3305f4393657b324b1a5c4) Importer(815301076,1909f56bfc062723c751e8b465ee728b)  -> (artifact id: '4630982779002f532ca8df0705868dca') in 0.014533 seconds
  Import took 0.017985 seconds .

========================================================================
Received Import Request.
  Time since last request: 0.000292 seconds.
  path: Assets/Lean/Common/LeanCommon.asmdef
  artifactKey: Guid(82c7e6eac44d7e048b22ad98800dcfc7) Importer(815301076,1909f56bfc062723c751e8b465ee728b)
Start importing Assets/Lean/Common/LeanCommon.asmdef using Guid(82c7e6eac44d7e048b22ad98800dcfc7) Importer(815301076,1909f56bfc062723c751e8b465ee728b)  -> (artifact id: '206ca28838849ca5b5aa9dd8588cd51e') in 0.002733 seconds
  Import took 0.004857 seconds .

========================================================================
Received Prepare
Registering precompiled user dll's ...
Registered in 0.000481 seconds.
Begin MonoManager ReloadAssembly
Native extension for WindowsStandalone target not found
Refreshing native plugins compatible for Editor in 0.67 ms, found 0 plugins.
Preloading 0 native plugins for Editor in 0.00 ms.
Mono: successfully reloaded assembly
- Completed reload, in  0.666 seconds
Platform modules already initialized, skipping
Switching build target platform(5) subTarget(0) extendedPlatform(0) -> platform(13) subTarget(589824) extendedPlatform(0)
Refreshing native plugins compatible for Editor in 0.27 ms, found 0 plugins.
Preloading 0 native plugins for Editor in 0.00 ms.
Unloading 1508 Unused Serialized files (Serialized files now loaded: 0)
System memory in use before: 72.0 MB.
System memory in use after: 72.1 MB.

Unloading 7 unused Assets to reduce memory usage. Loaded Objects now: 1983.
Total: 1.913500 ms (FindLiveObjects: 0.198500 ms CreateObjectMapping: 0.078900 ms MarkObjects: 1.577500 ms  DeleteObjects: 0.057800 ms)

AssetImportParameters requested are different than current active one (requested -> active):
  custom:graphics/normal-map-encoding: 01000000000000000000000000000000 -> 02000000000000000000000000000000
========================================================================
Received Import Request.
  Time since last request: 29.818846 seconds.
  path: Assets/Scenes/SampleScene.unity
  artifactKey: Guid(9fc0d4010bbf28b4594072e72b8655ab) Importer(815301076,1909f56bfc062723c751e8b465ee728b)
Start importing Assets/Scenes/SampleScene.unity using Guid(9fc0d4010bbf28b4594072e72b8655ab) Importer(815301076,1909f56bfc062723c751e8b465ee728b)  -> (artifact id: '5889e6d3f2b4ab0716899300c0478b75') in 0.010946 seconds
  Import took 0.014049 seconds .

========================================================================
Received Import Request.
  Time since last request: 31.062344 seconds.
  path: Assets/Resources/Prefabs/Cube.prefab
  artifactKey: Guid(e382bd76cc0e9ad4a95517f8a3deb708) Importer(815301076,1909f56bfc062723c751e8b465ee728b)
Start importing Assets/Resources/Prefabs/Cube.prefab using Guid(e382bd76cc0e9ad4a95517f8a3deb708) Importer(815301076,1909f56bfc062723c751e8b465ee728b)  -> (artifact id: '806f99ce1908bce2f6f3bbe158aa73ad') in 0.077405 seconds
  Import took 0.079828 seconds .

========================================================================
Received Import Request.
  Time since last request: 4.838195 seconds.
  path: Assets/Resources/Prefabs/Cube.prefab
  artifactKey: Guid(e382bd76cc0e9ad4a95517f8a3deb708) Importer(815301076,1909f56bfc062723c751e8b465ee728b)
Start importing Assets/Resources/Prefabs/Cube.prefab using Guid(e382bd76cc0e9ad4a95517f8a3deb708) Importer(815301076,1909f56bfc062723c751e8b465ee728b)  -> (artifact id: '5fe40e4e30deef503b17635baead556a') in 0.007806 seconds
  Import took 0.010449 seconds .

========================================================================
Received Import Request.
  Time since last request: 0.013474 seconds.
  path: Assets/Resources/Prefabs/Cube.prefab
  artifactKey: Guid(e382bd76cc0e9ad4a95517f8a3deb708) Importer(815301076,1909f56bfc062723c751e8b465ee728b)
Start importing Assets/Resources/Prefabs/Cube.prefab using Guid(e382bd76cc0e9ad4a95517f8a3deb708) Importer(815301076,1909f56bfc062723c751e8b465ee728b)  -> (artifact id: '5fe40e4e30deef503b17635baead556a') in 0.010324 seconds
  Import took 0.013071 seconds .

========================================================================
Received Import Request.
  Time since last request: 2.217982 seconds.
  path: Assets/Resources/Prefabs/Cube.prefab
  artifactKey: Guid(e382bd76cc0e9ad4a95517f8a3deb708) Importer(815301076,1909f56bfc062723c751e8b465ee728b)
Start importing Assets/Resources/Prefabs/Cube.prefab using Guid(e382bd76cc0e9ad4a95517f8a3deb708) Importer(815301076,1909f56bfc062723c751e8b465ee728b)  -> (artifact id: '70b869ffb886cfd3f551e9f059391ff3') in 0.006448 seconds
  Import took 0.008840 seconds .

========================================================================
Received Import Request.
  Time since last request: 0.019355 seconds.
  path: Assets/Resources/Prefabs/Cube.prefab
  artifactKey: Guid(e382bd76cc0e9ad4a95517f8a3deb708) Importer(815301076,1909f56bfc062723c751e8b465ee728b)
Start importing Assets/Resources/Prefabs/Cube.prefab using Guid(e382bd76cc0e9ad4a95517f8a3deb708) Importer(815301076,1909f56bfc062723c751e8b465ee728b)  -> (artifact id: '70b869ffb886cfd3f551e9f059391ff3') in 0.006764 seconds
  Import took 0.010161 seconds .

========================================================================
Received Import Request.
  Time since last request: 12.564508 seconds.
  path: Assets/Resources/Prefabs/Cube.prefab
  artifactKey: Guid(e382bd76cc0e9ad4a95517f8a3deb708) Importer(815301076,1909f56bfc062723c751e8b465ee728b)
Start importing Assets/Resources/Prefabs/Cube.prefab using Guid(e382bd76cc0e9ad4a95517f8a3deb708) Importer(815301076,1909f56bfc062723c751e8b465ee728b)  -> (artifact id: '4ba0e8a301d81f7ba2c8ed0ba93f8f34') in 0.005891 seconds
  Import took 0.008567 seconds .

========================================================================
Received Import Request.
  Time since last request: 8.074404 seconds.
  path: Assets/Resources/Prefabs/Cube.prefab
  artifactKey: Guid(e382bd76cc0e9ad4a95517f8a3deb708) Importer(815301076,1909f56bfc062723c751e8b465ee728b)
Start importing Assets/Resources/Prefabs/Cube.prefab using Guid(e382bd76cc0e9ad4a95517f8a3deb708) Importer(815301076,1909f56bfc062723c751e8b465ee728b)  -> (artifact id: 'b92c32da51e89d5a7a6e14dcceffdfe5') in 0.007509 seconds
  Import took 0.010675 seconds .

========================================================================
Received Prepare
Refreshing native plugins compatible for Editor in 0.67 ms, found 0 plugins.
Preloading 0 native plugins for Editor in 0.00 ms.
Unloading 4 Unused Serialized files (Serialized files now loaded: 0)
System memory in use before: 42.4 MB.
System memory in use after: 42.5 MB.

Unloading 3 unused Assets to reduce memory usage. Loaded Objects now: 1985.
Total: 2.175000 ms (FindLiveObjects: 0.171500 ms CreateObjectMapping: 0.052900 ms MarkObjects: 1.901500 ms  DeleteObjects: 0.047900 ms)

========================================================================
Received Import Request.
  Time since last request: 340.697168 seconds.
  path: Assets/Resources/Prefabs/Cube.prefab
  artifactKey: Guid(e382bd76cc0e9ad4a95517f8a3deb708) Importer(815301076,1909f56bfc062723c751e8b465ee728b)
Start importing Assets/Resources/Prefabs/Cube.prefab using Guid(e382bd76cc0e9ad4a95517f8a3deb708) Importer(815301076,1909f56bfc062723c751e8b465ee728b)  -> (artifact id: 'c0004b9c1aa782ae17e4b4fde5d76787') in 0.010041 seconds
  Import took 0.012646 seconds .

========================================================================
Received Import Request.
  Time since last request: 0.016544 seconds.
  path: Assets/Resources/Prefabs/Cube.prefab
  artifactKey: Guid(e382bd76cc0e9ad4a95517f8a3deb708) Importer(815301076,1909f56bfc062723c751e8b465ee728b)
Start importing Assets/Resources/Prefabs/Cube.prefab using Guid(e382bd76cc0e9ad4a95517f8a3deb708) Importer(815301076,1909f56bfc062723c751e8b465ee728b)  -> (artifact id: 'c0004b9c1aa782ae17e4b4fde5d76787') in 0.006385 seconds
  Import took 0.009168 seconds .

========================================================================
Received Import Request.
  Time since last request: 10.277076 seconds.
  path: Assets/Resources/Prefabs/Cube.prefab
  artifactKey: Guid(e382bd76cc0e9ad4a95517f8a3deb708) Importer(815301076,1909f56bfc062723c751e8b465ee728b)
Start importing Assets/Resources/Prefabs/Cube.prefab using Guid(e382bd76cc0e9ad4a95517f8a3deb708) Importer(815301076,1909f56bfc062723c751e8b465ee728b)  -> (artifact id: '3c563b90189c83422ca4852805617c12') in 0.007334 seconds
  Import took 0.009635 seconds .

========================================================================
Received Import Request.
  Time since last request: 0.016261 seconds.
  path: Assets/Resources/Prefabs/Cube.prefab
  artifactKey: Guid(e382bd76cc0e9ad4a95517f8a3deb708) Importer(815301076,1909f56bfc062723c751e8b465ee728b)
Start importing Assets/Resources/Prefabs/Cube.prefab using Guid(e382bd76cc0e9ad4a95517f8a3deb708) Importer(815301076,1909f56bfc062723c751e8b465ee728b)  -> (artifact id: '3c563b90189c83422ca4852805617c12') in 0.007435 seconds
  Import took 0.009828 seconds .

========================================================================
Received Prepare
Registering precompiled user dll's ...
Registered in 0.000525 seconds.
Begin MonoManager ReloadAssembly
Native extension for WindowsStandalone target not found
Refreshing native plugins compatible for Editor in 0.27 ms, found 0 plugins.
Preloading 0 native plugins for Editor in 0.00 ms.
Mono: successfully reloaded assembly
- Completed reload, in  0.723 seconds
Platform modules already initialized, skipping
Switching build target platform(5) subTarget(0) extendedPlatform(0) -> platform(13) subTarget(589824) extendedPlatform(0)
Refreshing native plugins compatible for Editor in 0.27 ms, found 0 plugins.
Preloading 0 native plugins for Editor in 0.00 ms.
Unloading 1507 Unused Serialized files (Serialized files now loaded: 0)
System memory in use before: 71.9 MB.
System memory in use after: 72.0 MB.

Unloading 7 unused Assets to reduce memory usage. Loaded Objects now: 1988.
Total: 1.851000 ms (FindLiveObjects: 0.169800 ms CreateObjectMapping: 0.041700 ms MarkObjects: 1.536500 ms  DeleteObjects: 0.102200 ms)

AssetImportParameters requested are different than current active one (requested -> active):
  custom:graphics/normal-map-encoding: 01000000000000000000000000000000 -> 02000000000000000000000000000000
========================================================================
Received Import Request.
  Time since last request: 70.899859 seconds.
  path: Assets/Resources/Prefabs/Cube.prefab
  artifactKey: Guid(e382bd76cc0e9ad4a95517f8a3deb708) Importer(815301076,1909f56bfc062723c751e8b465ee728b)
Start importing Assets/Resources/Prefabs/Cube.prefab using Guid(e382bd76cc0e9ad4a95517f8a3deb708) Importer(815301076,1909f56bfc062723c751e8b465ee728b)  -> (artifact id: '2d16c6b34bf0d870434d59eb94357d88') in 0.061126 seconds
  Import took 0.063683 seconds .

========================================================================
Received Prepare
Refreshing native plugins compatible for Editor in 0.64 ms, found 0 plugins.
Preloading 0 native plugins for Editor in 0.00 ms.
Unloading 4 Unused Serialized files (Serialized files now loaded: 0)
System memory in use before: 42.5 MB.
System memory in use after: 42.6 MB.

Unloading 3 unused Assets to reduce memory usage. Loaded Objects now: 1990.
Total: 2.554100 ms (FindLiveObjects: 0.214900 ms CreateObjectMapping: 0.069700 ms MarkObjects: 2.220200 ms  DeleteObjects: 0.048300 ms)

========================================================================
Received Prepare
Registering precompiled user dll's ...
Registered in 0.000557 seconds.
Begin MonoManager ReloadAssembly
Native extension for WindowsStandalone target not found
Refreshing native plugins compatible for Editor in 0.28 ms, found 0 plugins.
Preloading 0 native plugins for Editor in 0.00 ms.
Mono: successfully reloaded assembly
- Completed reload, in  0.643 seconds
Platform modules already initialized, skipping
Switching build target platform(5) subTarget(0) extendedPlatform(0) -> platform(13) subTarget(589824) extendedPlatform(0)
Refreshing native plugins compatible for Editor in 0.27 ms, found 0 plugins.
Preloading 0 native plugins for Editor in 0.00 ms.
Unloading 1507 Unused Serialized files (Serialized files now loaded: 0)
System memory in use before: 72.0 MB.
System memory in use after: 72.1 MB.

Unloading 6 unused Assets to reduce memory usage. Loaded Objects now: 1994.
Total: 1.657000 ms (FindLiveObjects: 0.210600 ms CreateObjectMapping: 0.067900 ms MarkObjects: 1.334000 ms  DeleteObjects: 0.043400 ms)

AssetImportParameters requested are different than current active one (requested -> active):
  custom:graphics/normal-map-encoding: 01000000000000000000000000000000 -> 02000000000000000000000000000000
========================================================================
Received Prepare
Refreshing native plugins compatible for Editor in 0.62 ms, found 0 plugins.
Preloading 0 native plugins for Editor in 0.00 ms.
Unloading 3 Unused Serialized files (Serialized files now loaded: 0)
System memory in use before: 42.1 MB.
System memory in use after: 42.2 MB.

Unloading 3 unused Assets to reduce memory usage. Loaded Objects now: 1994.
Total: 1.709600 ms (FindLiveObjects: 0.162200 ms CreateObjectMapping: 0.047000 ms MarkObjects: 1.455200 ms  DeleteObjects: 0.043600 ms)

========================================================================
Received Prepare
Registering precompiled user dll's ...
Registered in 0.000802 seconds.
Begin MonoManager ReloadAssembly
Native extension for WindowsStandalone target not found
Refreshing native plugins compatible for Editor in 0.28 ms, found 0 plugins.
Preloading 0 native plugins for Editor in 0.00 ms.
Mono: successfully reloaded assembly
- Completed reload, in  0.683 seconds
Platform modules already initialized, skipping
Switching build target platform(5) subTarget(0) extendedPlatform(0) -> platform(13) subTarget(589824) extendedPlatform(0)
Refreshing native plugins compatible for Editor in 0.27 ms, found 0 plugins.
Preloading 0 native plugins for Editor in 0.00 ms.
Unloading 1507 Unused Serialized files (Serialized files now loaded: 0)
System memory in use before: 72.0 MB.
System memory in use after: 72.1 MB.

Unloading 6 unused Assets to reduce memory usage. Loaded Objects now: 1998.
Total: 2.048800 ms (FindLiveObjects: 0.202600 ms CreateObjectMapping: 0.068800 ms MarkObjects: 1.714800 ms  DeleteObjects: 0.061100 ms)

AssetImportParameters requested are different than current active one (requested -> active):
  custom:graphics/normal-map-encoding: 01000000000000000000000000000000 -> 02000000000000000000000000000000
========================================================================
Received Import Request.
  Time since last request: 315.190640 seconds.
  path: Assets/Resources/Prefabs/Cube.prefab
  artifactKey: Guid(e382bd76cc0e9ad4a95517f8a3deb708) Importer(815301076,1909f56bfc062723c751e8b465ee728b)
Start importing Assets/Resources/Prefabs/Cube.prefab using Guid(e382bd76cc0e9ad4a95517f8a3deb708) Importer(815301076,1909f56bfc062723c751e8b465ee728b)  -> (artifact id: 'f768198911988ad3f85e976d63731899') in 0.060046 seconds
  Import took 0.062774 seconds .

========================================================================
Received Prepare
Refreshing native plugins compatible for Editor in 0.62 ms, found 0 plugins.
Preloading 0 native plugins for Editor in 0.00 ms.
Unloading 3 Unused Serialized files (Serialized files now loaded: 0)
System memory in use before: 42.4 MB.
System memory in use after: 42.5 MB.

Unloading 3 unused Assets to reduce memory usage. Loaded Objects now: 1999.
Total: 2.224900 ms (FindLiveObjects: 0.155500 ms CreateObjectMapping: 0.046200 ms MarkObjects: 1.974800 ms  DeleteObjects: 0.047300 ms)

========================================================================
Received Import Request.
  Time since last request: 2186.393584 seconds.
  path: Assets/Resources/Prefabs/Cube.prefab
  artifactKey: Guid(e382bd76cc0e9ad4a95517f8a3deb708) Importer(815301076,1909f56bfc062723c751e8b465ee728b)
Start importing Assets/Resources/Prefabs/Cube.prefab using Guid(e382bd76cc0e9ad4a95517f8a3deb708) Importer(815301076,1909f56bfc062723c751e8b465ee728b)  -> (artifact id: 'c3889b5c78802e4df3ff5657b9998ca9') in 0.032287 seconds
  Import took 0.035078 seconds .

========================================================================
Received Import Request.
  Time since last request: 12.700445 seconds.
  path: Assets/Resources/Prefabs/Cube.prefab
  artifactKey: Guid(e382bd76cc0e9ad4a95517f8a3deb708) Importer(815301076,1909f56bfc062723c751e8b465ee728b)
Start importing Assets/Resources/Prefabs/Cube.prefab using Guid(e382bd76cc0e9ad4a95517f8a3deb708) Importer(815301076,1909f56bfc062723c751e8b465ee728b)  -> (artifact id: 'c9e04cbe3ad5b4be0c642633481de1c0') in 0.008260 seconds
  Import took 0.010720 seconds .

========================================================================
Received Import Request.
  Time since last request: 0.021566 seconds.
  path: Assets/Resources/Prefabs/Cube.prefab
  artifactKey: Guid(e382bd76cc0e9ad4a95517f8a3deb708) Importer(815301076,1909f56bfc062723c751e8b465ee728b)
Start importing Assets/Resources/Prefabs/Cube.prefab using Guid(e382bd76cc0e9ad4a95517f8a3deb708) Importer(815301076,1909f56bfc062723c751e8b465ee728b)  -> (artifact id: 'c9e04cbe3ad5b4be0c642633481de1c0') in 0.006147 seconds
  Import took 0.009044 seconds .

========================================================================
Received Import Request.
  Time since last request: 39.131859 seconds.
  path: Assets/Resources/Prefabs/Cube.prefab
  artifactKey: Guid(e382bd76cc0e9ad4a95517f8a3deb708) Importer(815301076,1909f56bfc062723c751e8b465ee728b)
Start importing Assets/Resources/Prefabs/Cube.prefab using Guid(e382bd76cc0e9ad4a95517f8a3deb708) Importer(815301076,1909f56bfc062723c751e8b465ee728b)  -> (artifact id: 'd6eb043c123bae8c00e3af9cf853b81b') in 0.007665 seconds
  Import took 0.010624 seconds .

========================================================================
Received Import Request.
  Time since last request: 0.016545 seconds.
  path: Assets/Resources/Prefabs/Cube.prefab
  artifactKey: Guid(e382bd76cc0e9ad4a95517f8a3deb708) Importer(815301076,1909f56bfc062723c751e8b465ee728b)
Start importing Assets/Resources/Prefabs/Cube.prefab using Guid(e382bd76cc0e9ad4a95517f8a3deb708) Importer(815301076,1909f56bfc062723c751e8b465ee728b)  -> (artifact id: 'd6eb043c123bae8c00e3af9cf853b81b') in 0.010157 seconds
  Import took 0.012699 seconds .

========================================================================
Received Import Request.
  Time since last request: 223.808272 seconds.
  path: Assets/Resources/Prefabs/Cube.prefab
  artifactKey: Guid(e382bd76cc0e9ad4a95517f8a3deb708) Importer(815301076,1909f56bfc062723c751e8b465ee728b)
Start importing Assets/Resources/Prefabs/Cube.prefab using Guid(e382bd76cc0e9ad4a95517f8a3deb708) Importer(815301076,1909f56bfc062723c751e8b465ee728b)  -> (artifact id: 'a562040b8ed5f2df043e713477c9bdb0') in 0.008611 seconds
  Import took 0.011258 seconds .

========================================================================
Received Import Request.
  Time since last request: 0.014003 seconds.
  path: Assets/Resources/Prefabs/Cube.prefab
  artifactKey: Guid(e382bd76cc0e9ad4a95517f8a3deb708) Importer(815301076,1909f56bfc062723c751e8b465ee728b)
Start importing Assets/Resources/Prefabs/Cube.prefab using Guid(e382bd76cc0e9ad4a95517f8a3deb708) Importer(815301076,1909f56bfc062723c751e8b465ee728b)  -> (artifact id: 'a562040b8ed5f2df043e713477c9bdb0') in 0.007567 seconds
  Import took 0.010439 seconds .

========================================================================
Received Prepare
Registering precompiled user dll's ...
Registered in 0.000479 seconds.
Begin MonoManager ReloadAssembly
Native extension for WindowsStandalone target not found
Refreshing native plugins compatible for Editor in 0.27 ms, found 0 plugins.
Preloading 0 native plugins for Editor in 0.00 ms.
Mono: successfully reloaded assembly
- Completed reload, in  0.693 seconds
Platform modules already initialized, skipping
Switching build target platform(5) subTarget(0) extendedPlatform(0) -> platform(13) subTarget(589824) extendedPlatform(0)
Refreshing native plugins compatible for Editor in 0.27 ms, found 0 plugins.
Preloading 0 native plugins for Editor in 0.00 ms.
Unloading 1508 Unused Serialized files (Serialized files now loaded: 0)
System memory in use before: 72.0 MB.
System memory in use after: 72.1 MB.

Unloading 6 unused Assets to reduce memory usage. Loaded Objects now: 2004.
Total: 1.721300 ms (FindLiveObjects: 0.159200 ms CreateObjectMapping: 0.045100 ms MarkObjects: 1.438800 ms  DeleteObjects: 0.077300 ms)

AssetImportParameters requested are different than current active one (requested -> active):
  custom:graphics/normal-map-encoding: 01000000000000000000000000000000 -> 02000000000000000000000000000000
========================================================================
Received Prepare
Registering precompiled user dll's ...
Registered in 0.000516 seconds.
Begin MonoManager ReloadAssembly
Native extension for WindowsStandalone target not found
Refreshing native plugins compatible for Editor in 0.29 ms, found 0 plugins.
Preloading 0 native plugins for Editor in 0.00 ms.
Mono: successfully reloaded assembly
- Completed reload, in  0.817 seconds
Platform modules already initialized, skipping
Switching build target platform(5) subTarget(0) extendedPlatform(0) -> platform(13) subTarget(589824) extendedPlatform(0)
Refreshing native plugins compatible for Editor in 0.29 ms, found 0 plugins.
Preloading 0 native plugins for Editor in 0.00 ms.
Unloading 1508 Unused Serialized files (Serialized files now loaded: 0)
System memory in use before: 72.0 MB.
System memory in use after: 72.1 MB.

Unloading 6 unused Assets to reduce memory usage. Loaded Objects now: 2008.
Total: 1.712900 ms (FindLiveObjects: 0.204300 ms CreateObjectMapping: 0.063200 ms MarkObjects: 1.399300 ms  DeleteObjects: 0.045000 ms)

AssetImportParameters requested are different than current active one (requested -> active):
  custom:graphics/normal-map-encoding: 01000000000000000000000000000000 -> 02000000000000000000000000000000
========================================================================
Received Import Request.
  Time since last request: 75.059510 seconds.
  path: Assets/Resources/Prefabs/Cube.prefab
  artifactKey: Guid(e382bd76cc0e9ad4a95517f8a3deb708) Importer(815301076,1909f56bfc062723c751e8b465ee728b)
Start importing Assets/Resources/Prefabs/Cube.prefab using Guid(e382bd76cc0e9ad4a95517f8a3deb708) Importer(815301076,1909f56bfc062723c751e8b465ee728b)  -> (artifact id: 'c3938ed034ae8378706faf8249e38819') in 0.064878 seconds
  Import took 0.067616 seconds .

========================================================================
Received Prepare
Registering precompiled user dll's ...
Registered in 0.000525 seconds.
Begin MonoManager ReloadAssembly
Native extension for WindowsStandalone target not found
Refreshing native plugins compatible for Editor in 0.33 ms, found 0 plugins.
Preloading 0 native plugins for Editor in 0.00 ms.
Mono: successfully reloaded assembly
- Completed reload, in  0.695 seconds
Platform modules already initialized, skipping
Switching build target platform(5) subTarget(0) extendedPlatform(0) -> platform(13) subTarget(589824) extendedPlatform(0)
Refreshing native plugins compatible for Editor in 0.28 ms, found 0 plugins.
Preloading 0 native plugins for Editor in 0.00 ms.
Unloading 1508 Unused Serialized files (Serialized files now loaded: 0)
System memory in use before: 72.0 MB.
System memory in use after: 72.1 MB.

Unloading 6 unused Assets to reduce memory usage. Loaded Objects now: 2013.
Total: 1.611800 ms (FindLiveObjects: 0.181100 ms CreateObjectMapping: 0.046900 ms MarkObjects: 1.340100 ms  DeleteObjects: 0.042600 ms)

AssetImportParameters requested are different than current active one (requested -> active):
  custom:graphics/normal-map-encoding: 01000000000000000000000000000000 -> 02000000000000000000000000000000
========================================================================
Received Import Request.
  Time since last request: 50.895326 seconds.
  path: Assets/Resources/Prefabs/Cube.prefab
  artifactKey: Guid(e382bd76cc0e9ad4a95517f8a3deb708) Importer(815301076,1909f56bfc062723c751e8b465ee728b)
Start importing Assets/Resources/Prefabs/Cube.prefab using Guid(e382bd76cc0e9ad4a95517f8a3deb708) Importer(815301076,1909f56bfc062723c751e8b465ee728b)  -> (artifact id: 'afbd91aec20abca74691514f78cc3d0a') in 0.051449 seconds
  Import took 0.053966 seconds .

========================================================================
Received Prepare
Registering precompiled user dll's ...
Registered in 0.000753 seconds.
Begin MonoManager ReloadAssembly
Native extension for WindowsStandalone target not found
Refreshing native plugins compatible for Editor in 0.26 ms, found 0 plugins.
Preloading 0 native plugins for Editor in 0.00 ms.
Mono: successfully reloaded assembly
- Completed reload, in  0.685 seconds
Platform modules already initialized, skipping
Switching build target platform(5) subTarget(0) extendedPlatform(0) -> platform(13) subTarget(589824) extendedPlatform(0)
Refreshing native plugins compatible for Editor in 0.26 ms, found 0 plugins.
Preloading 0 native plugins for Editor in 0.00 ms.
Unloading 1508 Unused Serialized files (Serialized files now loaded: 0)
System memory in use before: 72.1 MB.
System memory in use after: 72.1 MB.

Unloading 6 unused Assets to reduce memory usage. Loaded Objects now: 2018.
Total: 1.637700 ms (FindLiveObjects: 0.147800 ms CreateObjectMapping: 0.034000 ms MarkObjects: 1.382900 ms  DeleteObjects: 0.071800 ms)

AssetImportParameters requested are different than current active one (requested -> active):
  custom:graphics/normal-map-encoding: 01000000000000000000000000000000 -> 02000000000000000000000000000000
========================================================================
Received Prepare
Refreshing native plugins compatible for Editor in 1.07 ms, found 0 plugins.
Preloading 0 native plugins for Editor in 0.00 ms.
Unloading 3 Unused Serialized files (Serialized files now loaded: 0)
System memory in use before: 42.1 MB.
System memory in use after: 42.2 MB.

Unloading 3 unused Assets to reduce memory usage. Loaded Objects now: 2018.
Total: 2.433400 ms (FindLiveObjects: 0.219900 ms CreateObjectMapping: 0.088500 ms MarkObjects: 2.055600 ms  DeleteObjects: 0.067500 ms)

========================================================================
Received Prepare
Registering precompiled user dll's ...
Registered in 0.000557 seconds.
Begin MonoManager ReloadAssembly
Native extension for WindowsStandalone target not found
Refreshing native plugins compatible for Editor in 0.26 ms, found 0 plugins.
Preloading 0 native plugins for Editor in 0.00 ms.
Mono: successfully reloaded assembly
- Completed reload, in  0.724 seconds
Platform modules already initialized, skipping
Switching build target platform(5) subTarget(0) extendedPlatform(0) -> platform(13) subTarget(589824) extendedPlatform(0)
Refreshing native plugins compatible for Editor in 0.27 ms, found 0 plugins.
Preloading 0 native plugins for Editor in 0.00 ms.
Unloading 1508 Unused Serialized files (Serialized files now loaded: 0)
System memory in use before: 72.1 MB.
System memory in use after: 72.1 MB.

Unloading 6 unused Assets to reduce memory usage. Loaded Objects now: 2022.
Total: 1.594800 ms (FindLiveObjects: 0.148200 ms CreateObjectMapping: 0.038700 ms MarkObjects: 1.330000 ms  DeleteObjects: 0.076800 ms)

AssetImportParameters requested are different than current active one (requested -> active):
  custom:graphics/normal-map-encoding: 01000000000000000000000000000000 -> 02000000000000000000000000000000
========================================================================
Received Prepare
Registering precompiled user dll's ...
Registered in 0.001183 seconds.
Begin MonoManager ReloadAssembly
Native extension for WindowsStandalone target not found
Refreshing native plugins compatible for Editor in 0.28 ms, found 0 plugins.
Preloading 0 native plugins for Editor in 0.00 ms.
Mono: successfully reloaded assembly
- Completed reload, in  0.699 seconds
Platform modules already initialized, skipping
Switching build target platform(5) subTarget(0) extendedPlatform(0) -> platform(13) subTarget(589824) extendedPlatform(0)
Refreshing native plugins compatible for Editor in 0.34 ms, found 0 plugins.
Preloading 0 native plugins for Editor in 0.00 ms.
Unloading 1508 Unused Serialized files (Serialized files now loaded: 0)
System memory in use before: 72.1 MB.
System memory in use after: 72.2 MB.

Unloading 6 unused Assets to reduce memory usage. Loaded Objects now: 2026.
Total: 1.711300 ms (FindLiveObjects: 0.205200 ms CreateObjectMapping: 0.059200 ms MarkObjects: 1.401700 ms  DeleteObjects: 0.044200 ms)

AssetImportParameters requested are different than current active one (requested -> active):
  custom:graphics/normal-map-encoding: 01000000000000000000000000000000 -> 02000000000000000000000000000000
========================================================================
Received Prepare
Registering precompiled user dll's ...
Registered in 0.000555 seconds.
Begin MonoManager ReloadAssembly
Native extension for WindowsStandalone target not found
Refreshing native plugins compatible for Editor in 0.30 ms, found 0 plugins.
Preloading 0 native plugins for Editor in 0.00 ms.
Mono: successfully reloaded assembly
- Completed reload, in  0.683 seconds
Platform modules already initialized, skipping
Switching build target platform(5) subTarget(0) extendedPlatform(0) -> platform(13) subTarget(589824) extendedPlatform(0)
Refreshing native plugins compatible for Editor in 0.27 ms, found 0 plugins.
Preloading 0 native plugins for Editor in 0.00 ms.
Unloading 1508 Unused Serialized files (Serialized files now loaded: 0)
System memory in use before: 72.1 MB.
System memory in use after: 72.2 MB.

Unloading 6 unused Assets to reduce memory usage. Loaded Objects now: 2030.
Total: 4.472500 ms (FindLiveObjects: 0.370800 ms CreateObjectMapping: 0.138400 ms MarkObjects: 3.870400 ms  DeleteObjects: 0.090800 ms)

AssetImportParameters requested are different than current active one (requested -> active):
  custom:graphics/normal-map-encoding: 01000000000000000000000000000000 -> 02000000000000000000000000000000
========================================================================
Received Prepare
Registering precompiled user dll's ...
Registered in 0.000536 seconds.
Begin MonoManager ReloadAssembly
Native extension for WindowsStandalone target not found
Refreshing native plugins compatible for Editor in 0.28 ms, found 0 plugins.
Preloading 0 native plugins for Editor in 0.00 ms.
Mono: successfully reloaded assembly
- Completed reload, in  0.716 seconds
Platform modules already initialized, skipping
Switching build target platform(5) subTarget(0) extendedPlatform(0) -> platform(13) subTarget(589824) extendedPlatform(0)
Refreshing native plugins compatible for Editor in 0.28 ms, found 0 plugins.
Preloading 0 native plugins for Editor in 0.00 ms.
Unloading 1508 Unused Serialized files (Serialized files now loaded: 0)
System memory in use before: 72.1 MB.
System memory in use after: 72.2 MB.

Unloading 6 unused Assets to reduce memory usage. Loaded Objects now: 2034.
Total: 1.600200 ms (FindLiveObjects: 0.164100 ms CreateObjectMapping: 0.045400 ms MarkObjects: 1.334900 ms  DeleteObjects: 0.054800 ms)

AssetImportParameters requested are different than current active one (requested -> active):
  custom:graphics/normal-map-encoding: 01000000000000000000000000000000 -> 02000000000000000000000000000000
========================================================================
Received Prepare
Refreshing native plugins compatible for Editor in 0.62 ms, found 0 plugins.
Preloading 0 native plugins for Editor in 0.00 ms.
Unloading 3 Unused Serialized files (Serialized files now loaded: 0)
System memory in use before: 42.1 MB.
System memory in use after: 42.2 MB.

Unloading 3 unused Assets to reduce memory usage. Loaded Objects now: 2034.
Total: 1.985300 ms (FindLiveObjects: 0.281300 ms CreateObjectMapping: 0.080300 ms MarkObjects: 1.574000 ms  DeleteObjects: 0.048800 ms)

========================================================================
Received Prepare
Registering precompiled user dll's ...
Registered in 0.001066 seconds.
Begin MonoManager ReloadAssembly
Native extension for WindowsStandalone target not found
Refreshing native plugins compatible for Editor in 0.27 ms, found 0 plugins.
Preloading 0 native plugins for Editor in 0.00 ms.
Mono: successfully reloaded assembly
- Completed reload, in  0.712 seconds
Platform modules already initialized, skipping
Switching build target platform(5) subTarget(0) extendedPlatform(0) -> platform(13) subTarget(589824) extendedPlatform(0)
Refreshing native plugins compatible for Editor in 0.27 ms, found 0 plugins.
Preloading 0 native plugins for Editor in 0.00 ms.
Unloading 1508 Unused Serialized files (Serialized files now loaded: 0)
System memory in use before: 72.1 MB.
System memory in use after: 72.2 MB.

Unloading 6 unused Assets to reduce memory usage. Loaded Objects now: 2038.
Total: 1.737100 ms (FindLiveObjects: 0.155100 ms CreateObjectMapping: 0.053600 ms MarkObjects: 1.451000 ms  DeleteObjects: 0.076200 ms)

AssetImportParameters requested are different than current active one (requested -> active):
  custom:graphics/normal-map-encoding: 01000000000000000000000000000000 -> 02000000000000000000000000000000
========================================================================
Received Prepare
Refreshing native plugins compatible for Editor in 0.70 ms, found 0 plugins.
Preloading 0 native plugins for Editor in 0.00 ms.
Unloading 3 Unused Serialized files (Serialized files now loaded: 0)
System memory in use before: 42.2 MB.
System memory in use after: 42.3 MB.

Unloading 3 unused Assets to reduce memory usage. Loaded Objects now: 2038.
Total: 1.911200 ms (FindLiveObjects: 0.174300 ms CreateObjectMapping: 0.050300 ms MarkObjects: 1.636600 ms  DeleteObjects: 0.049100 ms)

========================================================================
Received Prepare
Registering precompiled user dll's ...
Registered in 0.000510 seconds.
Begin MonoManager ReloadAssembly
Native extension for WindowsStandalone target not found
Refreshing native plugins compatible for Editor in 0.26 ms, found 0 plugins.
Preloading 0 native plugins for Editor in 0.00 ms.
Mono: successfully reloaded assembly
- Completed reload, in  0.749 seconds
Platform modules already initialized, skipping
Switching build target platform(5) subTarget(0) extendedPlatform(0) -> platform(13) subTarget(589824) extendedPlatform(0)
Refreshing native plugins compatible for Editor in 0.27 ms, found 0 plugins.
Preloading 0 native plugins for Editor in 0.00 ms.
Unloading 1508 Unused Serialized files (Serialized files now loaded: 0)
System memory in use before: 72.1 MB.
System memory in use after: 72.2 MB.

Unloading 6 unused Assets to reduce memory usage. Loaded Objects now: 2042.
Total: 2.387600 ms (FindLiveObjects: 0.200200 ms CreateObjectMapping: 0.061000 ms MarkObjects: 2.070700 ms  DeleteObjects: 0.054000 ms)

AssetImportParameters requested are different than current active one (requested -> active):
  custom:graphics/normal-map-encoding: 01000000000000000000000000000000 -> 02000000000000000000000000000000
========================================================================
Received Prepare
Refreshing native plugins compatible for Editor in 0.69 ms, found 0 plugins.
Preloading 0 native plugins for Editor in 0.00 ms.
Unloading 3 Unused Serialized files (Serialized files now loaded: 0)
System memory in use before: 42.2 MB.
System memory in use after: 42.3 MB.

Unloading 3 unused Assets to reduce memory usage. Loaded Objects now: 2042.
Total: 1.691200 ms (FindLiveObjects: 0.167900 ms CreateObjectMapping: 0.047200 ms MarkObjects: 1.432100 ms  DeleteObjects: 0.042800 ms)

========================================================================
Received Prepare
Registering precompiled user dll's ...
Registered in 0.000633 seconds.
Begin MonoManager ReloadAssembly
Native extension for WindowsStandalone target not found
Refreshing native plugins compatible for Editor in 0.26 ms, found 0 plugins.
Preloading 0 native plugins for Editor in 0.00 ms.
Mono: successfully reloaded assembly
- Completed reload, in  0.692 seconds
Platform modules already initialized, skipping
Switching build target platform(5) subTarget(0) extendedPlatform(0) -> platform(13) subTarget(589824) extendedPlatform(0)
Refreshing native plugins compatible for Editor in 0.28 ms, found 0 plugins.
Preloading 0 native plugins for Editor in 0.00 ms.
Unloading 1508 Unused Serialized files (Serialized files now loaded: 0)
System memory in use before: 72.1 MB.
System memory in use after: 72.2 MB.

Unloading 6 unused Assets to reduce memory usage. Loaded Objects now: 2046.
Total: 1.863100 ms (FindLiveObjects: 0.246200 ms CreateObjectMapping: 0.045800 ms MarkObjects: 1.522400 ms  DeleteObjects: 0.047300 ms)

AssetImportParameters requested are different than current active one (requested -> active):
  custom:graphics/normal-map-encoding: 01000000000000000000000000000000 -> 02000000000000000000000000000000
========================================================================
Received Import Request.
  Time since last request: 3372.513852 seconds.
  path: Assets/XR/Loaders/AR Core Loader.asset
  artifactKey: Guid(6c0c88412dcffad41be55d693417b566) Importer(815301076,1909f56bfc062723c751e8b465ee728b)
Start importing Assets/XR/Loaders/AR Core Loader.asset using Guid(6c0c88412dcffad41be55d693417b566) Importer(815301076,1909f56bfc062723c751e8b465ee728b)  -> (artifact id: '197792f87d4fb544a63aa20e1fd9b7c9') in 0.014345 seconds
  Import took 0.017302 seconds .

========================================================================
Received Import Request.
  Time since last request: 0.000181 seconds.
  path: Assets/Lean/Common/Examples/Meshes/RoundedCube.obj
  artifactKey: Guid(f36c148914c8e05498dad1ca7becaa2e) Importer(815301076,1909f56bfc062723c751e8b465ee728b)
Start importing Assets/Lean/Common/Examples/Meshes/RoundedCube.obj using Guid(f36c148914c8e05498dad1ca7becaa2e) Importer(815301076,1909f56bfc062723c751e8b465ee728b)  -> (artifact id: '398777b452a17436001d3ba56ec072af') in 0.131728 seconds
  Import took 0.133856 seconds .

========================================================================
Received Import Request.
  Time since last request: 0.000226 seconds.
  path: Assets/Lean/Touch/Examples/Media/Demo.prefab
  artifactKey: Guid(e2a63f1f28575a549abdfbc4eb9b28d2) Importer(815301076,1909f56bfc062723c751e8b465ee728b)
Start importing Assets/Lean/Touch/Examples/Media/Demo.prefab using Guid(e2a63f1f28575a549abdfbc4eb9b28d2) Importer(815301076,1909f56bfc062723c751e8b465ee728b)  -> (artifact id: 'aaba4b3f8ac11c9491c176faac01ea97') in 0.062653 seconds
  Import took 0.064923 seconds .

========================================================================
Received Import Request.
  Time since last request: 0.000288 seconds.
  path: Assets/Lean/Common/Examples/Prefabs/RoundedCube.prefab
  artifactKey: Guid(98bcf37801e348c44b1dc78b7af0bb77) Importer(815301076,1909f56bfc062723c751e8b465ee728b)
Start importing Assets/Lean/Common/Examples/Prefabs/RoundedCube.prefab using Guid(98bcf37801e348c44b1dc78b7af0bb77) Importer(815301076,1909f56bfc062723c751e8b465ee728b)  -> (artifact id: '09df5e6cfb2b9d526be7547762b5a743') in 0.007678 seconds
  Import took 0.010299 seconds .

========================================================================
Received Import Request.
  Time since last request: 0.000437 seconds.
  path: Assets/Lean/Common/Examples/Prefabs/Demo.prefab
  artifactKey: Guid(298daca7decb9f846b5ff996ee97a495) Importer(815301076,1909f56bfc062723c751e8b465ee728b)
Start importing Assets/Lean/Common/Examples/Prefabs/Demo.prefab using Guid(298daca7decb9f846b5ff996ee97a495) Importer(815301076,1909f56bfc062723c751e8b465ee728b)  -> (artifact id: '9ec3a57e682487b3b7e05adccd5e3105') in 0.015710 seconds
  Import took 0.018304 seconds .

========================================================================
Received Import Request.
  Time since last request: 0.000217 seconds.
  path: Assets/Lean/Common/Examples/Textures/Description.png
  artifactKey: Guid(e3c3aac37d6032c408e6fb79c8b30f96) Importer(815301076,1909f56bfc062723c751e8b465ee728b)
Start importing Assets/Lean/Common/Examples/Textures/Description.png using Guid(e3c3aac37d6032c408e6fb79c8b30f96) Importer(815301076,1909f56bfc062723c751e8b465ee728b)  -> (artifact id: '749f04f53b8fc48653112f9e92791b9b') in 0.043542 seconds
  Import took 0.046520 seconds .

========================================================================
Received Prepare
Registering precompiled user dll's ...
Registered in 0.000838 seconds.
Begin MonoManager ReloadAssembly
Native extension for WindowsStandalone target not found
Refreshing native plugins compatible for Editor in 0.27 ms, found 0 plugins.
Preloading 0 native plugins for Editor in 0.00 ms.
Mono: successfully reloaded assembly
- Completed reload, in  0.694 seconds
Platform modules already initialized, skipping
Switching build target platform(5) subTarget(0) extendedPlatform(0) -> platform(13) subTarget(589824) extendedPlatform(0)
Refreshing native plugins compatible for Editor in 0.27 ms, found 0 plugins.
Preloading 0 native plugins for Editor in 0.00 ms.
Unloading 1508 Unused Serialized files (Serialized files now loaded: 0)
System memory in use before: 72.4 MB.
System memory in use after: 72.5 MB.

Unloading 7 unused Assets to reduce memory usage. Loaded Objects now: 2058.
Total: 1.669300 ms (FindLiveObjects: 0.188600 ms CreateObjectMapping: 0.052200 ms MarkObjects: 1.376000 ms  DeleteObjects: 0.051400 ms)

AssetImportParameters requested are different than current active one (requested -> active):
  custom:graphics/normal-map-encoding: 01000000000000000000000000000000 -> 02000000000000000000000000000000
========================================================================
Received Prepare
Registering precompiled user dll's ...
Registered in 0.000580 seconds.
Begin MonoManager ReloadAssembly
Native extension for WindowsStandalone target not found
Refreshing native plugins compatible for Editor in 0.29 ms, found 0 plugins.
Preloading 0 native plugins for Editor in 0.00 ms.
Mono: successfully reloaded assembly
- Completed reload, in  0.674 seconds
Platform modules already initialized, skipping
Switching build target platform(5) subTarget(0) extendedPlatform(0) -> platform(13) subTarget(589824) extendedPlatform(0)
Refreshing native plugins compatible for Editor in 0.27 ms, found 0 plugins.
Preloading 0 native plugins for Editor in 0.00 ms.
Unloading 1508 Unused Serialized files (Serialized files now loaded: 0)
System memory in use before: 72.4 MB.
System memory in use after: 72.5 MB.

Unloading 6 unused Assets to reduce memory usage. Loaded Objects now: 2062.
Total: 1.991100 ms (FindLiveObjects: 0.285400 ms CreateObjectMapping: 0.088600 ms MarkObjects: 1.564800 ms  DeleteObjects: 0.051000 ms)

AssetImportParameters requested are different than current active one (requested -> active):
  custom:graphics/normal-map-encoding: 01000000000000000000000000000000 -> 02000000000000000000000000000000
========================================================================
Received Prepare
Registering precompiled user dll's ...
Registered in 0.000644 seconds.
Begin MonoManager ReloadAssembly
Native extension for WindowsStandalone target not found
Refreshing native plugins compatible for Editor in 0.30 ms, found 0 plugins.
Preloading 0 native plugins for Editor in 0.00 ms.
Mono: successfully reloaded assembly
- Completed reload, in  0.790 seconds
Platform modules already initialized, skipping
Switching build target platform(5) subTarget(0) extendedPlatform(0) -> platform(13) subTarget(589824) extendedPlatform(0)
Refreshing native plugins compatible for Editor in 0.29 ms, found 0 plugins.
Preloading 0 native plugins for Editor in 0.00 ms.
Unloading 1508 Unused Serialized files (Serialized files now loaded: 0)
System memory in use before: 72.4 MB.
System memory in use after: 72.5 MB.

Unloading 7 unused Assets to reduce memory usage. Loaded Objects now: 2065.
Total: 1.595100 ms (FindLiveObjects: 0.163200 ms CreateObjectMapping: 0.047400 ms MarkObjects: 1.333100 ms  DeleteObjects: 0.050600 ms)

AssetImportParameters requested are different than current active one (requested -> active):
  custom:graphics/normal-map-encoding: 01000000000000000000000000000000 -> 02000000000000000000000000000000
========================================================================
Received Prepare
Registering precompiled user dll's ...
Registered in 0.000596 seconds.
Begin MonoManager ReloadAssembly
Native extension for WindowsStandalone target not found
Refreshing native plugins compatible for Editor in 0.28 ms, found 0 plugins.
Preloading 0 native plugins for Editor in 0.00 ms.
Mono: successfully reloaded assembly
- Completed reload, in  0.697 seconds
Platform modules already initialized, skipping
Switching build target platform(5) subTarget(0) extendedPlatform(0) -> platform(13) subTarget(589824) extendedPlatform(0)
Refreshing native plugins compatible for Editor in 0.27 ms, found 0 plugins.
Preloading 0 native plugins for Editor in 0.00 ms.
Unloading 1509 Unused Serialized files (Serialized files now loaded: 0)
System memory in use before: 72.5 MB.
System memory in use after: 72.6 MB.

Unloading 7 unused Assets to reduce memory usage. Loaded Objects now: 2069.
Total: 1.642100 ms (FindLiveObjects: 0.183800 ms CreateObjectMapping: 0.057100 ms MarkObjects: 1.348900 ms  DeleteObjects: 0.051500 ms)

AssetImportParameters requested are different than current active one (requested -> active):
  custom:graphics/normal-map-encoding: 01000000000000000000000000000000 -> 02000000000000000000000000000000
AssetImportWorkerClient::OnTransportError - code=2 error=End of file
